2016/07/12 14:27:11 にビルドを開始しました。
     1>ノード 3 上のプロジェクト "E:\Program\LaneChangeEstimator\RealDataPlayer\RealDataPlayer.vcxproj" (Build ターゲット)。
     1>C:\Program Files (x86)\MSBuild\Microsoft.Cpp\v4.0\V120\Microsoft.CppBuild.targets(935,5): warning MSB8027: Two or more files with the name of moc_birdView.cpp will produce outputs to the same location. This can lead to an incorrect build result.  The files involved are GeneratedFiles\Debug\moc_birdView.cpp, GeneratedFiles\Release\moc_birdView.cpp.
     1>C:\Program Files (x86)\MSBuild\Microsoft.Cpp\v4.0\V120\Microsoft.CppBuild.targets(935,5): warning MSB8027: Two or more files with the name of moc_closeView.cpp will produce outputs to the same location. This can lead to an incorrect build result.  The files involved are GeneratedFiles\Debug\moc_closeView.cpp, GeneratedFiles\Release\moc_closeView.cpp.
     1>C:\Program Files (x86)\MSBuild\Microsoft.Cpp\v4.0\V120\Microsoft.CppBuild.targets(935,5): warning MSB8027: Two or more files with the name of moc_loopManager.cpp will produce outputs to the same location. This can lead to an incorrect build result.  The files involved are GeneratedFiles\Debug\moc_loopManager.cpp, GeneratedFiles\Release\moc_loopManager.cpp.
     1>C:\Program Files (x86)\MSBuild\Microsoft.Cpp\v4.0\V120\Microsoft.CppBuild.targets(935,5): warning MSB8027: Two or more files with the name of moc_myThread.cpp will produce outputs to the same location. This can lead to an incorrect build result.  The files involved are GeneratedFiles\Debug\moc_myThread.cpp, GeneratedFiles\Release\moc_myThread.cpp.
     1>C:\Program Files (x86)\MSBuild\Microsoft.Cpp\v4.0\V120\Microsoft.CppBuild.targets(935,5): warning MSB8027: Two or more files with the name of moc_realdataplayer.cpp will produce outputs to the same location. This can lead to an incorrect build result.  The files involved are GeneratedFiles\Debug\moc_realdataplayer.cpp, GeneratedFiles\Release\moc_realdataplayer.cpp.
     1>Link:
         C:\Program Files (x86)\Microsoft Visual Studio 12.0\VC\bin\x86_amd64\link.exe /ERRORREPORT:PROMPT /OUT:"E:\Program\LaneChangeEstimator\x64\Debug\\RealDataPlayer.exe" /NOLOGO /LIBPATH:E:\Qt\Qt5.7.0\5.7\msvc2013_64\lib qtmaind.lib Qt5Cored.lib Qt5Guid.lib Qt5OpenGLd.lib opengl32.lib glu32.lib Qt5Widgetsd.lib kernel32.lib user32.lib gdi32.lib winspool.lib comdlg32.lib advapi32.lib shell32.lib ole32.lib oleaut32.lib uuid.lib odbc32.lib odbccp32.lib /MANIFEST /MANIFESTUAC:"level='asInvoker' uiAccess='false'" /manifest:embed /DEBUG /PDB:"E:\Program\LaneChangeEstimator\x64\Debug\RealDataPlayer.pdb" /SUBSYSTEM:WINDOWS /TLBID:1 /DYNAMICBASE /NXCOMPAT /IMPLIB:"E:\Program\LaneChangeEstimator\x64\Debug\RealDataPlayer.lib" /MACHINE:X64 x64\Debug\birdView.obj
         x64\Debug\closeView.obj
         x64\Debug\database.obj
         x64\Debug\estimator.obj
         x64\Debug\extractor.obj
         x64\Debug\filter.obj
         x64\Debug\moc_birdView.obj
         x64\Debug\moc_closeView.obj
         x64\Debug\moc_loopManager.obj
         x64\Debug\moc_myThread.obj
         x64\Debug\moc_realdataplayer.obj
         x64\Debug\qrc_realdataplayer.obj
         x64\Debug\emission.obj
         x64\Debug\viterbi.obj
         x64\Debug\bessel.obj
         x64\Debug\potential.obj
         x64\Debug\vonMises.obj
         x64\Debug\svm.obj
         x64\Debug\calcIntgrt.obj
         x64\Debug\calcNormalCum.obj
         x64\Debug\lineExtractor.obj
         x64\Debug\loopManager.obj
         x64\Debug\main.obj
         x64\Debug\mathAlg.obj
         x64\Debug\mySVM.obj
         x64\Debug\realdataplayer.obj
         x64\Debug\sensor.obj
         RealDataPlayer.vcxproj -> E:\Program\LaneChangeEstimator\x64\Debug\RealDataPlayer.exe
     1>プロジェクト "E:\Program\LaneChangeEstimator\RealDataPlayer\RealDataPlayer.vcxproj" (Build ターゲット) のビルドが完了しました。

ビルドに成功しました。

経過時間 00:00:01.51
