e:\program\lanechangeestimator\realdataplayer\x64\debug\vc120.pdb
e:\program\lanechangeestimator\realdataplayer\x64\debug\realdataplayer.obj
e:\program\lanechangeestimator\realdataplayer\x64\debug\main.obj
e:\program\lanechangeestimator\realdataplayer\x64\debug\moc_realdataplayer.obj
e:\program\lanechangeestimator\realdataplayer\x64\debug\qrc_realdataplayer.obj
e:\program\lanechangeestimator\realdataplayer\generatedfiles\debug\moc_realdataplayer.cpp
e:\program\lanechangeestimator\realdataplayer\generatedfiles\ui_realdataplayer.h
e:\program\lanechangeestimator\realdataplayer\generatedfiles\qrc_realdataplayer.cpp
e:\program\lanechangeestimator\x64\debug\realdataplayer.ilk
e:\program\lanechangeestimator\x64\debug\realdataplayer.exe
e:\program\lanechangeestimator\x64\debug\realdataplayer.pdb
e:\program\lanechangeestimator\realdataplayer\x64\debug\realdataplayer.tlog\cl.command.1.tlog
e:\program\lanechangeestimator\realdataplayer\x64\debug\realdataplayer.tlog\cl.read.1.tlog
e:\program\lanechangeestimator\realdataplayer\x64\debug\realdataplayer.tlog\cl.write.1.tlog
e:\program\lanechangeestimator\realdataplayer\x64\debug\realdataplayer.tlog\custombuild.command.1.tlog
e:\program\lanechangeestimator\realdataplayer\x64\debug\realdataplayer.tlog\custombuild.read.1.tlog
e:\program\lanechangeestimator\realdataplayer\x64\debug\realdataplayer.tlog\custombuild.write.1.tlog
e:\program\lanechangeestimator\realdataplayer\x64\debug\realdataplayer.tlog\link.command.1.tlog
e:\program\lanechangeestimator\realdataplayer\x64\debug\realdataplayer.tlog\link.read.1.tlog
e:\program\lanechangeestimator\realdataplayer\x64\debug\realdataplayer.tlog\link.write.1.tlog
