2016/06/18 0:33:08 にビルドを開始しました。
     1>ノード 2 上のプロジェクト "E:\Program\LaneChangeEstimator\LaneChangeEstimator\LaneChangeEstimator.vcxproj" (Build ターゲット)。
     1>C:\Program Files (x86)\MSBuild\Microsoft.Cpp\v4.0\V120\Microsoft.CppBuild.targets(935,5): warning MSB8027: Two or more files with the name of moc_lanechangeestimator.cpp will produce outputs to the same location. This can lead to an incorrect build result.  The files involved are GeneratedFiles\Debug\moc_lanechangeestimator.cpp, GeneratedFiles\Release\moc_lanechangeestimator.cpp.
     1>ClCompile:
         C:\Program Files (x86)\Microsoft Visual Studio 12.0\VC\bin\x86_amd64\CL.exe /c /I.\GeneratedFiles /I. /IE:\Qt\Qt5.7.0\5.7\msvc2013_64\include /I.\GeneratedFiles\Debug /IE:\Qt\Qt5.7.0\5.7\msvc2013_64\include\QtCore /IE:\Qt\Qt5.7.0\5.7\msvc2013_64\include\QtGui /IE:\Qt\Qt5.7.0\5.7\msvc2013_64\include\QtOpenGL /IE:\Qt\Qt5.7.0\5.7\msvc2013_64\include\QtWidgets /Zi /nologo /W1 /WX- /Od /D UNICODE /D WIN32 /D WIN64 /D QT_DLL /D QT_CORE_LIB /D QT_GUI_LIB /D QT_OPENGL_LIB /D QT_WIDGETS_LIB /Gm- /EHsc /MDd /GS /fp:precise /Zc:wchar_t /Zc:forScope /Fo"x64\Debug\\" /Fd"x64\Debug\vc120.pdb" /Gd /TP /errorReport:prompt featureExtractor.cpp
         featureExtractor.cpp
       Link:
         C:\Program Files (x86)\Microsoft Visual Studio 12.0\VC\bin\x86_amd64\link.exe /ERRORREPORT:PROMPT /OUT:"E:\Program\LaneChangeEstimator\x64\Debug\\LaneChangeEstimator.exe" /NOLOGO /LIBPATH:E:\Qt\Qt5.7.0\5.7\msvc2013_64\lib qtmaind.lib Qt5Cored.lib Qt5Guid.lib Qt5OpenGLd.lib opengl32.lib glu32.lib Qt5Widgetsd.lib kernel32.lib user32.lib gdi32.lib winspool.lib comdlg32.lib advapi32.lib shell32.lib ole32.lib oleaut32.lib uuid.lib odbc32.lib odbccp32.lib /MANIFEST /MANIFESTUAC:"level='asInvoker' uiAccess='false'" /manifest:embed /DEBUG /PDB:"E:\Program\LaneChangeEstimator\x64\Debug\LaneChangeEstimator.pdb" /SUBSYSTEM:WINDOWS /TLBID:1 /DYNAMICBASE /NXCOMPAT /IMPLIB:"E:\Program\LaneChangeEstimator\x64\Debug\LaneChangeEstimator.lib" /MACHINE:X64 x64\Debug\calcIntgrt.obj
         x64\Debug\calcNormalCum.obj
         x64\Debug\database.obj
         x64\Debug\estimator.obj
         x64\Debug\featureExtractor.obj
         x64\Debug\filter.obj
         x64\Debug\moc_lanechangeestimator.obj
         x64\Debug\qrc_lanechangeestimator.obj
         x64\Debug\lanechangeestimator.obj
         x64\Debug\backwardAlg.obj
         x64\Debug\baumWelch.obj
         x64\Debug\emission.obj
         x64\Debug\forwardAlg.obj
         x64\Debug\viterbi.obj
         x64\Debug\bessel.obj
         x64\Debug\potential.obj
         x64\Debug\vonMises.obj
         x64\Debug\svm.obj
         x64\Debug\lineExtractor.obj
         x64\Debug\main.obj
         x64\Debug\myHmm.obj
         x64\Debug\mysvm.obj
         x64\Debug\mandalia.obj
         x64\Debug\schlechtriemen.obj
         LaneChangeEstimator.vcxproj -> E:\Program\LaneChangeEstimator\x64\Debug\LaneChangeEstimator.exe
     1>プロジェクト "E:\Program\LaneChangeEstimator\LaneChangeEstimator\LaneChangeEstimator.vcxproj" (Build ターゲット) のビルドが完了しました。

ビルドに成功しました。

経過時間 00:00:00.93
