e:\program\lanechangeestimator\lanechangeestimator\x64\debug\vc120.pdb
e:\program\lanechangeestimator\lanechangeestimator\x64\debug\main.obj
e:\program\lanechangeestimator\lanechangeestimator\x64\debug\lanechangeestimator.obj
e:\program\lanechangeestimator\lanechangeestimator\x64\debug\moc_lanechangeestimator.obj
e:\program\lanechangeestimator\lanechangeestimator\x64\debug\qrc_lanechangeestimator.obj
e:\program\lanechangeestimator\lanechangeestimator\x64\debug\estimator.obj
e:\program\lanechangeestimator\lanechangeestimator\x64\debug\database.obj
e:\program\lanechangeestimator\lanechangeestimator\x64\debug\schlechtriemen.obj
e:\program\lanechangeestimator\lanechangeestimator\x64\debug\mandalia.obj
e:\program\lanechangeestimator\lanechangeestimator\x64\debug\mysvm.obj
e:\program\lanechangeestimator\lanechangeestimator\x64\debug\myhmm.obj
e:\program\lanechangeestimator\lanechangeestimator\x64\debug\lineextractor.obj
e:\program\lanechangeestimator\lanechangeestimator\x64\debug\svm.obj
e:\program\lanechangeestimator\lanechangeestimator\x64\debug\vonmises.obj
e:\program\lanechangeestimator\lanechangeestimator\x64\debug\potential.obj
e:\program\lanechangeestimator\lanechangeestimator\x64\debug\bessel.obj
e:\program\lanechangeestimator\lanechangeestimator\x64\debug\viterbi.obj
e:\program\lanechangeestimator\lanechangeestimator\x64\debug\forwardalg.obj
e:\program\lanechangeestimator\lanechangeestimator\x64\debug\emission.obj
e:\program\lanechangeestimator\lanechangeestimator\x64\debug\baumwelch.obj
e:\program\lanechangeestimator\lanechangeestimator\x64\debug\backwardalg.obj
e:\program\lanechangeestimator\lanechangeestimator\x64\debug\filter.obj
e:\program\lanechangeestimator\lanechangeestimator\x64\debug\featureextractor.obj
e:\program\lanechangeestimator\lanechangeestimator\x64\debug\calcnormalcum.obj
e:\program\lanechangeestimator\lanechangeestimator\x64\debug\calcintgrt.obj
e:\program\lanechangeestimator\lanechangeestimator\generatedfiles\debug\moc_lanechangeestimator.cpp
e:\program\lanechangeestimator\lanechangeestimator\generatedfiles\ui_lanechangeestimator.h
e:\program\lanechangeestimator\lanechangeestimator\generatedfiles\qrc_lanechangeestimator.cpp
e:\program\lanechangeestimator\x64\debug\lanechangeestimator.ilk
e:\program\lanechangeestimator\x64\debug\lanechangeestimator.exe
e:\program\lanechangeestimator\x64\debug\lanechangeestimator.pdb
e:\program\lanechangeestimator\lanechangeestimator\x64\debug\lanechan.b12702ad.tlog\cl.command.1.tlog
e:\program\lanechangeestimator\lanechangeestimator\x64\debug\lanechan.b12702ad.tlog\cl.read.1.tlog
e:\program\lanechangeestimator\lanechangeestimator\x64\debug\lanechan.b12702ad.tlog\cl.write.1.tlog
e:\program\lanechangeestimator\lanechangeestimator\x64\debug\lanechan.b12702ad.tlog\custombuild.command.1.tlog
e:\program\lanechangeestimator\lanechangeestimator\x64\debug\lanechan.b12702ad.tlog\custombuild.read.1.tlog
e:\program\lanechangeestimator\lanechangeestimator\x64\debug\lanechan.b12702ad.tlog\custombuild.write.1.tlog
e:\program\lanechangeestimator\lanechangeestimator\x64\debug\lanechan.b12702ad.tlog\link.command.1.tlog
e:\program\lanechangeestimator\lanechangeestimator\x64\debug\lanechan.b12702ad.tlog\link.read.1.tlog
e:\program\lanechangeestimator\lanechangeestimator\x64\debug\lanechan.b12702ad.tlog\link.write.1.tlog
