e:\program\lanechangeestimator\pathplanner\x64\debug\vc120.pdb
e:\program\lanechangeestimator\pathplanner\x64\debug\qrc_pathplanner.obj
e:\program\lanechangeestimator\pathplanner\x64\debug\pathplanner.obj
e:\program\lanechangeestimator\pathplanner\x64\debug\main.obj
e:\program\lanechangeestimator\pathplanner\x64\debug\moc_pathplanner.obj
e:\program\lanechangeestimator\pathplanner\x64\debug\moc_mythread.obj
e:\program\lanechangeestimator\pathplanner\x64\debug\loopmanager.obj
e:\program\lanechangeestimator\pathplanner\x64\debug\moc_loopmanager.obj
e:\program\lanechangeestimator\pathplanner\x64\debug\viewer.obj
e:\program\lanechangeestimator\pathplanner\x64\debug\lineextractor.obj
e:\program\lanechangeestimator\pathplanner\x64\debug\sensor.obj
e:\program\lanechangeestimator\pathplanner\x64\debug\database.obj
e:\program\lanechangeestimator\pathplanner\x64\debug\moc_viewer.obj
e:\program\lanechangeestimator\pathplanner\x64\debug\filter.obj
e:\program\lanechangeestimator\pathplanner\x64\debug\navigator.obj
e:\program\lanechangeestimator\pathplanner\x64\debug\normalpf.obj
e:\program\lanechangeestimator\pathplanner\generatedfiles\qrc_pathplanner.cpp
e:\program\lanechangeestimator\pathplanner\generatedfiles\debug\moc_mythread.cpp
e:\program\lanechangeestimator\pathplanner\generatedfiles\debug\moc_viewer.cpp
e:\program\lanechangeestimator\pathplanner\generatedfiles\debug\moc_pathplanner.cpp
e:\program\lanechangeestimator\pathplanner\generatedfiles\ui_pathplanner.h
e:\program\lanechangeestimator\pathplanner\generatedfiles\debug\moc_loopmanager.cpp
e:\program\lanechangeestimator\x64\debug\pathplanner.pdb
e:\program\lanechangeestimator\pathplanner\x64\debug\pathplanner.tlog\cl.command.1.tlog
e:\program\lanechangeestimator\pathplanner\x64\debug\pathplanner.tlog\cl.read.1.tlog
e:\program\lanechangeestimator\pathplanner\x64\debug\pathplanner.tlog\cl.write.1.tlog
e:\program\lanechangeestimator\pathplanner\x64\debug\pathplanner.tlog\custombuild.command.1.tlog
e:\program\lanechangeestimator\pathplanner\x64\debug\pathplanner.tlog\custombuild.read.1.tlog
e:\program\lanechangeestimator\pathplanner\x64\debug\pathplanner.tlog\custombuild.write.1.tlog
e:\program\lanechangeestimator\pathplanner\x64\debug\pathplanner.tlog\link.7432-cvtres.read.1.tlog
e:\program\lanechangeestimator\pathplanner\x64\debug\pathplanner.tlog\link.7432-cvtres.write.1.tlog
e:\program\lanechangeestimator\pathplanner\x64\debug\pathplanner.tlog\link.7432-rc.read.1.tlog
e:\program\lanechangeestimator\pathplanner\x64\debug\pathplanner.tlog\link.7432-rc.write.1.tlog
e:\program\lanechangeestimator\pathplanner\x64\debug\pathplanner.tlog\link.7432.read.1.tlog
e:\program\lanechangeestimator\pathplanner\x64\debug\pathplanner.tlog\link.7432.write.1.tlog
e:\program\lanechangeestimator\pathplanner\x64\debug\pathplanner.tlog\link.command.1.tlog
e:\program\lanechangeestimator\pathplanner\x64\debug\pathplanner.tlog\link.read.1.tlog
e:\program\lanechangeestimator\pathplanner\x64\debug\pathplanner.tlog\link.write.1.tlog
